[GIN-debug] [WARNING] Creating an Engine instance with the Logger and Recovery middleware already attached.

[GIN-debug] [WARNING] Running in "debug" mode. Switch to "release" mode in production.
 - using env:	export GIN_MODE=release
 - using code:	gin.SetMode(gin.ReleaseMode)

[GIN-debug] POST   /api/addapply             --> awesomeProject/main/router/api.AddApply (5 handlers)
[GIN-debug] POST   /api/getapply             --> awesomeProject/main/router/api.GetApply (5 handlers)
[GIN-debug] POST   /api/getapplybyteacher    --> awesomeProject/main/router/api.GetApplyByTeacher (5 handlers)
[GIN-debug] POST   /api/dealapply            --> awesomeProject/main/router/api.DealApply (5 handlers)
[GIN-debug] POST   /api/deleteapply          --> awesomeProject/main/router/api.DeleteApply (5 handlers)
[GIN-debug] POST   /api/getcomments          --> awesomeProject/main/router/api.GetComments (5 handlers)
[GIN-debug] POST   /api/addcomment           --> awesomeProject/main/router/api.AddComment (5 handlers)
[GIN-debug] POST   /api/deletecomment        --> awesomeProject/main/router/api.DeleteComment (5 handlers)
[GIN-debug] POST   /api/register             --> awesomeProject/main/router/api.Register (4 handlers)
[GIN-debug] POST   /api/login                --> awesomeProject/main/router/api.Login (4 handlers)
[GIN-debug] POST   /api/modify               --> awesomeProject/main/router/api.ModifyInfo (4 handlers)
[GIN-debug] POST   /api/findpasswd           --> awesomeProject/main/router/api.FindPassword (4 handlers)
[GIN-debug] POST   /api/createpost           --> awesomeProject/main/router/api.CreatePost (5 handlers)
[GIN-debug] POST   /api/deletepost           --> awesomeProject/main/router/api.DeletePost (5 handlers)
[GIN-debug] POST   /api/findpostbyuser       --> awesomeProject/main/router/api.FindPostByUser (4 handlers)
[GIN-debug] POST   /api/findpostbycourse     --> awesomeProject/main/router/api.FindPostByCourse (4 handlers)
[GIN-debug] POST   /api/findpostbyid         --> awesomeProject/main/router/api.FindPostById (4 handlers)
[GIN-debug] POST   /api/findpostbytitle      --> awesomeProject/main/router/api.FindPostByTitle (4 handlers)
[GIN-debug] POST   /api/changepostistop      --> awesomeProject/main/router/api.ChangePostIstop (5 handlers)
[GIN-debug] POST   /api/changepostiselite    --> awesomeProject/main/router/api.ChangePostIselite (5 handlers)
[GIN-debug] POST   /api/createcourse         --> awesomeProject/main/router/api.CreateCourse (5 handlers)
[GIN-debug] POST   /api/includestudents      --> awesomeProject/main/router/api.IncludeStudents (5 handlers)
[GIN-debug] POST   /api/deletestudents       --> awesomeProject/main/router/api.DeleteStudent (5 handlers)
[GIN-debug] POST   /api/getStudentCourse     --> awesomeProject/main/router/api.GetStudentCourses (5 handlers)
[GIN-debug] POST   /api/getallCourse         --> awesomeProject/main/router/api.GetAllCourse (5 handlers)
[GIN-debug] POST   /api/setdetail            --> awesomeProject/main/router/api.SetDetail (5 handlers)
[GIN-debug] POST   /api/setrule              --> awesomeProject/main/router/api.SetRule (5 handlers)
[GIN-debug] POST   /api/deletecourse         --> awesomeProject/main/router/api.DeleteCourseById (5 handlers)
[GIN-debug] POST   /api/getTeacherCourse     --> awesomeProject/main/router/api.GetTeacherCourse (5 handlers)
[GIN-debug] POST   /api/getCircles           --> awesomeProject/main/router/api.GetCircles (5 handlers)
[GIN-debug] POST   /api/getvideos            --> awesomeProject/main/router/api.GetVideos (5 handlers)
[GIN-debug] POST   /api/deletevideo          --> awesomeProject/main/router/api.DeleteVideo (5 handlers)
[GIN-debug] GET    /api/getvideostream       --> awesomeProject/main/router/api.GetVideoStream (4 handlers)
[GIN-debug] POST   /api/fileupload           --> awesomeProject/main/router/api.FileUpload (5 handlers)
[GIN-debug] POST   /api/imageupload          --> awesomeProject/main/router/api.ImageUpload (5 handlers)
[GIN-debug] GET    /api/getimage             --> awesomeProject/main/router/api.GetFile (4 handlers)
[GIN-debug] GET    /test                     --> awesomeProject/main/util.ReadLog (4 handlers)
[GIN-debug] Environment variable PORT is undefined. Using port :8080 by default
[GIN-debug] Listening and serving HTTP on :8080